<?xml version="1.0" encoding="UTF-8"?>
<!DOCTYPE properties SYSTEM "http://java.sun.com/dtd/properties.dtd">
<properties version="1.0">
   <comment>Sample test run arguments</comment>
    <entry key="iut">D:/workspace/data/test.jp2</entry>
    <entry key="ics">core</entry>
</properties>
